<?xml version="1.0" encoding="UTF-8"?>
<testng-results ignored="0" total="1" passed="1" failed="0" skipped="0">
  <reporter-output>
  </reporter-output>
  <suite started-at="2022-10-01T20:50:46 IST" name="Default suite" finished-at="2022-10-01T20:51:40 IST" duration-ms="54153">
    <groups>
    </groups>
    <test started-at="2022-10-01T20:50:46 IST" name="Default test" finished-at="2022-10-01T20:51:40 IST" duration-ms="54153">
      <class name="com.testng.AddToCart">
        <test-method is-config="true" signature="beforeMethod()[pri:0, instance:com.testng.AddToCart@703580bf]" started-at="2022-10-01T20:50:46 IST" name="beforeMethod" finished-at="2022-10-01T20:50:58 IST" duration-ms="11626" status="PASS">
          <reporter-output>
          </reporter-output>
        </test-method> <!-- beforeMethod -->
        <test-method signature="addtocart()[pri:0, instance:com.testng.AddToCart@703580bf]" started-at="2022-10-01T20:50:58 IST" name="addtocart" finished-at="2022-10-01T20:51:40 IST" duration-ms="42448" status="PASS">
          <reporter-output>
          </reporter-output>
        </test-method> <!-- addtocart -->
        <test-method is-config="true" signature="afterMethod()[pri:0, instance:com.testng.AddToCart@703580bf]" started-at="2022-10-01T20:51:40 IST" name="afterMethod" finished-at="2022-10-01T20:51:40 IST" duration-ms="1" status="PASS">
          <reporter-output>
          </reporter-output>
        </test-method> <!-- afterMethod -->
      </class> <!-- com.testng.AddToCart -->
    </test> <!-- Default test -->
  </suite> <!-- Default suite -->
</testng-results>
